This is pdfTeX, Version 3.141592653-2.6-1.40.22 (TeX Live 2021) (preloaded format=latex 2021.11.15)  17 FEB 2022 13:13
entering extended mode
 restricted \write18 enabled.
 %&-line parsing enabled.
**\makeatletter\def\HCode{\futurelet\HCode\HChar}\def\HChar{\ifx"\HCode\def\HCo
de"##1"{\Link##1}\expandafter\HCode\else\expandafter\Link\fi}\def\Link#1.a.b.c.
{\g@addto@macro\@documentclasshook{\RequirePackage[#1,html]{tex4ht}}\let\HCode\
documentstyle\def\documentstyle{\let\documentstyle\HCode\expandafter\def\csname
 tex4ht\endcsname{#1,html}\def\HCode####1{\documentstyle[tex4ht,}\@ifnextchar[{
\HCode}{\documentstyle[tex4ht]}}}\makeatother\HCode xhtml,mathjax,charset=utf-8
,html5.a.b.c.\input "\detokenize{thesis.tex}"
(./thesis.tex (./sfsuthesis.cls
Document Class: sfsuthesis 2021/12/11 v1.0 San Francisco State University Thesi
s Class
(/usr/local/texlive/2021/texmf-dist/tex/latex/memoir/memoir.cls
Document Class: memoir 2021/03/23 v3.7o configurable book, report, article docu
ment class
\onelineskip=\skip47
\lxvchars=\skip48
\xlvchars=\skip49
\@memcnta=\count179
\c@@memmarkcntra=\count180
(/usr/local/texlive/2021/texmf-dist/tex/generic/iftex/iftex.sty
Package: iftex 2020/03/06 v1.0d TeX engine tests
)
\stockheight=\skip50
\stockwidth=\skip51
\trimtop=\skip52
\trimedge=\skip53
(/usr/local/texlive/2021/texmf-dist/tex/latex/memoir/mem12.clo
File: mem12.clo 2010/10/19 v0.4b memoir class 12pt size option
)
\binding=\skip54
\spinemargin=\skip55
\foremargin=\skip56
\uppermargin=\skip57
\lowermargin=\skip58
\headdrop=\skip59
\normalrulethickness=\skip60
\mem@maxheadheight=\skip61
\mem@maxfootheight=\skip62
\headwidth=\skip63
\c@storedpagenumber=\count181
\memPD=\dimen138
\m@mabparskip=\skip64
\thanksmarkwidth=\skip65
\thanksmarksep=\skip66
\droptitle=\skip67
\c@book=\count182
\c@part=\count183
\c@chapter=\count184
\c@section=\count185
\c@subsection=\count186
\c@subsubsection=\count187
\c@paragraph=\count188
\c@subparagraph=\count189
\beforechapskip=\skip68
\midchapskip=\skip69
\afterchapskip=\skip70
\chapindent=\skip71
\bottomsectionskip=\skip72
\secindent=\skip73
\beforesecskip=\skip74
\aftersecskip=\skip75
\subsecindent=\skip76
\beforesubsecskip=\skip77
\aftersubsecskip=\skip78
\subsubsecindent=\skip79
\beforesubsubsecskip=\skip80
\aftersubsubsecskip=\skip81
\paraindent=\skip82
\beforeparaskip=\skip83
\afterparaskip=\skip84
\subparaindent=\skip85
\beforesubparaskip=\skip86
\aftersubparaskip=\skip87
\pfbreakskip=\skip88
\c@@ppsavesec=\count190
\c@@ppsaveapp=\count191
\ragrparindent=\dimen139
\everylistparindent=\dimen140
\parsepi=\skip89
\topsepi=\skip90
\itemsepi=\skip91
\parsepii=\skip92
\topsepii=\skip93
\topsepiii=\skip94
\itemsepii=\skip95
\itemsepiii=\skip96
\partopsepii=\skip97
\partopsepiii=\skip98
\m@msavetopsep=\skip99
\m@msavepartopsep=\skip100
\@enLab=\toks15
\abstitleskip=\skip101
\absleftindent=\skip102
\abs@leftindent=\dimen141
\absrightindent=\skip103
\absparindent=\skip104
\absparsep=\skip105
\c@vslineno=\count192
\c@poemline=\count193
\c@modulo@vs=\count194
\c@memfvsline=\count195
\vleftskip=\skip106
\vrightskip=\skip107
\stanzaskip=\skip108
\versewidth=\skip109
\vgap=\skip110
\vindent=\skip111
\vleftmargin=\dimen142
\c@verse=\count196
\c@chrsinstr=\count197
\beforepoemtitleskip=\skip112
\afterpoemtitleskip=\skip113
\c@poem=\count198
\beforePoemTitleskip=\skip114
\midPoemTitleskip=\skip115
\afterPoemTitleskip=\skip116
(/usr/local/texlive/2021/texmf-dist/tex/latex/tools/array.sty
Package: array 2020/10/01 v2.5c Tabular extension package (FMi)
\col@sep=\dimen143
\ar@mcellbox=\box47
\extrarowheight=\dimen144
\NC@list=\toks16
\extratabsurround=\skip117
\backup@length=\skip118
\ar@cellbox=\box48
) (/usr/local/texlive/2021/texmf-dist/tex/latex/tools/dcolumn.sty
Package: dcolumn 2014/10/28 v1.06 decimal alignment package (DPC)
) (/usr/local/texlive/2021/texmf-dist/tex/latex/tools/delarray.sty
Package: delarray 2014/10/28 v1.01 array delimiter package (DPC)
) (/usr/local/texlive/2021/texmf-dist/tex/latex/tools/tabularx.sty
Package: tabularx 2020/01/15 v2.11c `tabularx' package (DPC)
\TX@col@width=\dimen145
\TX@old@table=\dimen146
\TX@old@col=\dimen147
\TX@target=\dimen148
\TX@delta=\dimen149
\TX@cols=\count199
\TX@ftn=\toks17
)
\heavyrulewidth=\dimen150
\lightrulewidth=\dimen151
\cmidrulewidth=\dimen152
\belowrulesep=\dimen153
\belowbottomsep=\dimen154
\aboverulesep=\dimen155
\abovetopsep=\dimen156
\cmidrulesep=\dimen157
\cmidrulekern=\dimen158
\defaultaddspace=\dimen159
\@cmidla=\count266
\@cmidlb=\count267
\@aboverulesep=\dimen160
\@belowrulesep=\dimen161
\@thisruleclass=\count268
\@lastruleclass=\count269
\@thisrulewidth=\dimen162
\ctableftskip=\skip119
\ctabrightskip=\skip120
\abovecolumnspenalty=\count270
\@linestogo=\count271
\@cellstogo=\count272
\@cellsincolumn=\count273
\crtok=\toks18
\@mincolumnwidth=\dimen163
\c@newflo@tctr=\count274
\mem@margin@floatbox=\box49
\@contcwidth=\skip121
\@contindw=\skip122
\abovecaptionskip=\skip123
\belowcaptionskip=\skip124
\subfloattopskip=\skip125
\subfloatcapskip=\skip126
\subfloatcaptopadj=\skip127
\subfloatbottomskip=\skip128
\subfloatlabelskip=\skip129
\subfloatcapmargin=\dimen164
\c@@contsubnum=\count275
\m@mscap@capbox=\box50
\m@mscap@fbox=\box51
\sidecapsep=\dimen165
\sidecapwidth=\dimen166
\m@m@tempdima=\dimen167
\m@mscapraise=\dimen168
\sidecapraise=\dimen169
\m@mscapmainwidth=\dimen170
\m@mscaplkern=\dimen171
\beforeepigraphskip=\skip130
\afterepigraphskip=\skip131
\epigraphwidth=\skip132
\epigraphrule=\skip133
LaTeX Info: Redefining \em on input line 7650.
LaTeX Info: Redefining \emph on input line 7658.
\tocentryskip=\skip134
\tocbaseline=\skip135
\cftparskip=\skip136
\cftbeforebookskip=\skip137
\cftbookindent=\dimen172
\cftbooknumwidth=\dimen173
\cftbeforepartskip=\skip138
\cftpartindent=\skip139
\cftpartnumwidth=\skip140
\cftbeforechapterskip=\skip141
\cftchapterindent=\skip142
\cftchapternumwidth=\skip143
\cftbeforesectionskip=\skip144
\cftsectionindent=\skip145
\cftsectionnumwidth=\skip146
\cftbeforesubsectionskip=\skip147
\cftsubsectionindent=\skip148
\cftsubsectionnumwidth=\skip149
\cftbeforesubsubsectionskip=\skip150
\cftsubsubsectionindent=\skip151
\cftsubsubsectionnumwidth=\skip152
\cftbeforeparagraphskip=\skip153
\cftparagraphindent=\skip154
\cftparagraphnumwidth=\skip155
\cftbeforesubparagraphskip=\skip156
\cftsubparagraphindent=\skip157
\cftsubparagraphnumwidth=\skip158
\prechapterprecisshift=\dimen174
\c@maxsecnumdepth=\count276
\bibindent=\dimen175
\bibitemsep=\skip159
\indexcolsep=\skip160
\indexrule=\skip161
\indexmarkstyle=\toks19
\@indexbox=\insert252
\glossarycolsep=\dimen176
\glossaryrule=\dimen177
\sideparvshift=\skip162
\sideins=\insert251
\sidebartopsep=\skip163
\sidebarhsep=\skip164
\sidebarvsep=\skip165
\sidebarwidth=\skip166
\footmarkwidth=\skip167
\footmarksep=\skip168
\footparindent=\skip169
\footinsdim=\skip170
\footinsv@r=\insert250
\@mpfootinsv@r=\insert249
\m@m@k=\count277
\m@m@h=\dimen178
\m@mipn@skip=\skip171
\sidefootins=\insert248
\sidefootadjust=\skip172
\sidefootheight=\skip173
\sidefoothsep=\skip174
\sidefootvsep=\skip175
\sidefootwidth=\skip176
\m@mdownsf=\skip177
\c@sidefootnote=\count278
\sidefootmarkwidth=\skip178
\sidefootmarksep=\skip179
\sidefootparindent=\skip180
\c@pagenote=\count279
\c@pagenoteshadow=\count280
\mem@pn@lastkern=\skip181
\every@verbatim=\toks20
\afterevery@verbatim=\toks21
\verbatim@line=\toks22
\tab@position=\count281
\verbatim@in@stream=\read2
\verbatimindent=\skip182
\verbatim@out=\write3
\bvboxsep=\skip183
\c@memfbvline=\count282
\c@bvlinectr=\count283
\bvnumlength=\skip184
\fb@frw=\dimen179
\fb@frh=\dimen180
\FrameRule=\dimen181
\FrameSep=\dimen182
\c@cp@cntr=\count284
\c@ism@mctr=\count285
\c@xsm@mctr=\count286
\c@csm@mctr=\count287
\c@ksm@mctr=\count288
\c@xksm@mctr=\count289
\c@cksm@mctr=\count290
\c@msm@mctr=\count291
\c@xmsm@mctr=\count292
\c@cmsm@mctr=\count293
\c@bsm@mctr=\count294
\c@workm@mctr=\count295
\c@sheetsequence=\count296
\c@lastsheet=\count297
\c@lastpage=\count298
(/usr/local/texlive/2021/texmf-dist/tex/latex/textcase/textcase.sty
Package: textcase 2019/09/14 v1.00 Text only upper/lower case changing (DPC)
)
\c@figure=\count299
\c@lofdepth=\count300
\cftbeforefigureskip=\skip185
\cftfigureindent=\skip186
\cftfigurenumwidth=\skip187
\c@table=\count301
\c@lotdepth=\count302
\cftbeforetableskip=\skip188
\cfttableindent=\skip189
\cfttablenumwidth=\skip190
Package abstract [2008/07/23] emulated by memoir.
Package appendix [2008/07/23] emulated by memoir.
Package booktabs [2016/05/16] emulated by memoir.
Package ccaption [2008/07/23] emulated by memoir.
Package changepage [2008/07/23] emulated by memoir.
Package chngcntr [2008/07/23] emulated by memoir.
Package chngpage [2008/07/23] emulated by memoir.
Package crop emulated by memoir.
Package enumerate [2008/07/23] emulated by memoir.
Package epigraph [2008/07/23] emulated by memoir.
Package ifmtarg [2008/07/23] emulated by memoir.
Package index [2008/07/23] emulated by memoir.
Package makeidx [2008/07/23] emulated by memoir.
Package moreverb [2008/07/23] emulated by memoir.
Package needspace [2008/07/23] emulated by memoir.
Package newfile [2008/07/23] emulated by memoir.
Package nextpage [2008/07/23] emulated by memoir.
Package pagenote [2008/07/23] emulated by memoir.
Package parskip [2008/07/23] emulated by memoir.
Package patchcmd [2008/07/23] emulated by memoir.
Package setspace [2008/07/23] emulated by memoir.
Package shortvrb [2008/07/23] emulated by memoir.
Package showidx [2008/07/23] emulated by memoir.
Package titleref [2008/07/23] emulated by memoir.
Package titling [2008/07/23] emulated by memoir.
Package tocbibind [2008/07/23] emulated by memoir.
Package tocloft [2008/07/23] emulated by memoir.
Package tocvsec2 [2008/07/23] emulated by memoir.
Package verbatim [2008/07/23] emulated by memoir.
Package verse [2008/07/23] emulated by memoir.
)) (/usr/local/texlive/2021/texmf-dist/tex/generic/tex4ht/tex4ht.sty
version 2021-03-06-13:30
Package: tex4ht 
--------------------------------------
--- Note --- for _ at preamble, use the command line option `early_'
--------------------------------------
--------------------------------------
--- Note --- for ^ at preamble, use the command line option `early^'
--------------------------------------
\tmp:toks=\toks23
) (/usr/local/texlive/2021/texmf-dist/tex/generic/tex4ht/usepackage.4ht
version 2021-02-07-14:58
) (/usr/local/texlive/2021/texmf-dist/tex/generic/tex4ht/biblatex-hooks.4ht
version 2020-10-17-13:53
) (/usr/local/texlive/2021/texmf-dist/tex/latex/biblatex/biblatex.sty
Package: biblatex 2020/12/31 v3.16 programmable bibliographies (PK/MW)
(/usr/local/texlive/2021/texmf-dist/tex/generic/pdftexcmds/pdftexcmds.sty
Package: pdftexcmds 2020-06-27 v0.33 Utility functions of pdfTeX for LuaTeX (HO
)
(/usr/local/texlive/2021/texmf-dist/tex/generic/infwarerr/infwarerr.sty
Package: infwarerr 2019/12/03 v1.5 Providing info/warning/error messages (HO)
) (/usr/local/texlive/2021/texmf-dist/tex/generic/ltxcmds/ltxcmds.sty
Package: ltxcmds 2020-05-10 v1.25 LaTeX kernel commands for general use (HO)
)
Package pdftexcmds Info: \pdf@primitive is available.
Package pdftexcmds Info: \pdf@ifprimitive is available.
Package pdftexcmds Info: \pdfdraftmode is ignored in DVI mode.
) (/usr/local/texlive/2021/texmf-dist/tex/latex/etoolbox/etoolbox.sty
Package: etoolbox 2020/10/05 v2.5k e-TeX tools for LaTeX (JAW)
\etb@tempcnta=\count303
) (/usr/local/texlive/2021/texmf-dist/tex/latex/graphics/keyval.sty
Package: keyval 2014/10/28 v1.15 key=value parser (DPC)
\KV@toks@=\toks24
) (/usr/local/texlive/2021/texmf-dist/tex/latex/kvoptions/kvoptions.sty
Package: kvoptions 2020-10-07 v3.14 Key value format for package options (HO)
(/usr/local/texlive/2021/texmf-dist/tex/generic/kvsetkeys/kvsetkeys.sty
Package: kvsetkeys 2019/12/15 v1.18 Key value parser (HO)
)) (/usr/local/texlive/2021/texmf-dist/tex/latex/logreq/logreq.sty
Package: logreq 2010/08/04 v1.0 xml request logger
\lrq@indent=\count304
(/usr/local/texlive/2021/texmf-dist/tex/latex/logreq/logreq.def
File: logreq.def 2010/08/04 v1.0 logreq spec v1.0
)) (/usr/local/texlive/2021/texmf-dist/tex/latex/base/ifthen.sty
Package: ifthen 2014/09/29 v1.1c Standard LaTeX ifthen package (DPC)
) (/usr/local/texlive/2021/texmf-dist/tex/latex/url/url.sty
\Urlmuskip=\muskip16
Package: url 2013/09/16  ver 3.4  Verb mode for urls, etc.
)
\c@tabx@nest=\count305
\c@listtotal=\count306
\c@listcount=\count307
\c@liststart=\count308
\c@liststop=\count309
\c@citecount=\count310
\c@citetotal=\count311
\c@multicitecount=\count312
\c@multicitetotal=\count313
\c@instcount=\count314
\c@maxnames=\count315
\c@minnames=\count316
\c@maxitems=\count317
\c@minitems=\count318
\c@citecounter=\count319
\c@maxcitecounter=\count320
\c@savedcitecounter=\count321
\c@uniquelist=\count322
\c@uniquename=\count323
\c@refsection=\count324
\c@refsegment=\count325
\c@maxextratitle=\count326
\c@maxextratitleyear=\count327
\c@maxextraname=\count328
\c@maxextradate=\count329
\c@maxextraalpha=\count330
\c@abbrvpenalty=\count331
\c@highnamepenalty=\count332
\c@lownamepenalty=\count333
\c@maxparens=\count334
\c@parenlevel=\count335
\blx@tempcnta=\count336
\blx@tempcntb=\count337
\blx@tempcntc=\count338
\blx@maxsection=\count339
\blx@maxsegment@0=\count340
\blx@notetype=\count341
\blx@parenlevel@text=\count342
\blx@parenlevel@foot=\count343
\blx@sectionciteorder@0=\count344
\blx@entrysetcounter=\count345
\blx@biblioinstance=\count346
\labelnumberwidth=\skip191
\labelalphawidth=\skip192
\biblabelsep=\skip193
\bibnamesep=\skip194
\bibinitsep=\skip195
\bibparsep=\skip196
\bibhang=\skip197
\blx@bcfin=\read3
\blx@bcfout=\write4
\blx@langwohyphens=\language87
\c@mincomprange=\count347
\c@maxcomprange=\count348
\c@mincompwidth=\count349
Package biblatex Info: Trying to load biblatex default data model...
Package biblatex Info: ... file 'blx-dm.def' found.
(/usr/local/texlive/2021/texmf-dist/tex/latex/biblatex/blx-dm.def
File: blx-dm.def 2020/12/31 v3.16 biblatex localization (PK/MW)
)
Package biblatex Info: Trying to load biblatex custom data model...
Package biblatex Info: ... file 'biblatex-dm.cfg' not found.
\c@afterword=\count350
\c@savedafterword=\count351
\c@annotator=\count352
\c@savedannotator=\count353
\c@author=\count354
\c@savedauthor=\count355
\c@bookauthor=\count356
\c@savedbookauthor=\count357
\c@commentator=\count358
\c@savedcommentator=\count359
\c@editor=\count360
\c@savededitor=\count361
\c@editora=\count362
\c@savededitora=\count363
\c@editorb=\count364
\c@savededitorb=\count365
\c@editorc=\count366
\c@savededitorc=\count367
\c@foreword=\count368
\c@savedforeword=\count369
\c@holder=\count370
\c@savedholder=\count371
\c@introduction=\count372
\c@savedintroduction=\count373
\c@namea=\count374
\c@savednamea=\count375
\c@nameb=\count376
\c@savednameb=\count377
\c@namec=\count378
\c@savednamec=\count379
\c@translator=\count380
\c@savedtranslator=\count381
\c@shortauthor=\count382
\c@savedshortauthor=\count383
\c@shorteditor=\count384
\c@savedshorteditor=\count385
\c@labelname=\count386
\c@savedlabelname=\count387
\c@institution=\count388
\c@savedinstitution=\count389
\c@lista=\count390
\c@savedlista=\count391
\c@listb=\count392
\c@savedlistb=\count393
\c@listc=\count394
\c@savedlistc=\count395
\c@listd=\count396
\c@savedlistd=\count397
\c@liste=\count398
\c@savedliste=\count399
\c@listf=\count400
\c@savedlistf=\count401
\c@location=\count402
\c@savedlocation=\count403
\c@organization=\count404
\c@savedorganization=\count405
\c@origlocation=\count406
\c@savedoriglocation=\count407
\c@origpublisher=\count408
\c@savedorigpublisher=\count409
\c@publisher=\count410
\c@savedpublisher=\count411
\c@language=\count412
\c@savedlanguage=\count413
\c@origlanguage=\count414
\c@savedoriglanguage=\count415
\c@pageref=\count416
\c@savedpageref=\count417
\shorthandwidth=\skip198
\shortjournalwidth=\skip199
\shortserieswidth=\skip256
\shorttitlewidth=\skip257
\shortauthorwidth=\skip258
\shorteditorwidth=\skip259
\locallabelnumberwidth=\skip260
\locallabelalphawidth=\skip261
\localshorthandwidth=\skip262
\localshortjournalwidth=\skip263
\localshortserieswidth=\skip264
\localshorttitlewidth=\skip265
\localshortauthorwidth=\skip266
\localshorteditorwidth=\skip267
Package biblatex Info: Trying to load compatibility code...
Package biblatex Info: ... file 'blx-compat.def' found.
(/usr/local/texlive/2021/texmf-dist/tex/latex/biblatex/blx-compat.def
File: blx-compat.def 2020/12/31 v3.16 biblatex compatibility (PK/MW)
)
Package biblatex Info: Trying to load generic definitions...
Package biblatex Info: ... file 'biblatex.def' found.
(/usr/local/texlive/2021/texmf-dist/tex/latex/biblatex/biblatex.def
File: biblatex.def 2020/12/31 v3.16 biblatex compatibility (PK/MW)
\c@textcitecount=\count418
\c@textcitetotal=\count419
\c@textcitemaxnames=\count420
\c@biburlbigbreakpenalty=\count421
\c@biburlbreakpenalty=\count422
\c@biburlnumpenalty=\count423
\c@biburlucpenalty=\count424
\c@biburllcpenalty=\count425
\biburlbigskip=\muskip17
\biburlnumskip=\muskip18
\biburlucskip=\muskip19
\biburllcskip=\muskip20
\c@smartand=\count426
)
Package biblatex Info: Trying to load bibliography style 'numeric'...
Package biblatex Info: ... file 'numeric.bbx' found.
(/usr/local/texlive/2021/texmf-dist/tex/latex/biblatex/bbx/numeric.bbx
File: numeric.bbx 2020/12/31 v3.16 biblatex bibliography style (PK/MW)
Package biblatex Info: Trying to load bibliography style 'standard'...
Package biblatex Info: ... file 'standard.bbx' found.
(/usr/local/texlive/2021/texmf-dist/tex/latex/biblatex/bbx/standard.bbx
File: standard.bbx 2020/12/31 v3.16 biblatex bibliography style (PK/MW)
\c@bbx:relatedcount=\count427
\c@bbx:relatedtotal=\count428
))
Package biblatex Info: Trying to load citation style 'numeric'...
Package biblatex Info: ... file 'numeric.cbx' found.
(/usr/local/texlive/2021/texmf-dist/tex/latex/biblatex/cbx/numeric.cbx
File: numeric.cbx 2020/12/31 v3.16 biblatex citation style (PK/MW)
Package biblatex Info: Redefining '\cite'.
Package biblatex Info: Redefining '\parencite'.
Package biblatex Info: Redefining '\footcite'.
Package biblatex Info: Redefining '\footcitetext'.
Package biblatex Info: Redefining '\smartcite'.
Package biblatex Info: Redefining '\supercite'.
Package biblatex Info: Redefining '\textcite'.
Package biblatex Info: Redefining '\textcites'.
Package biblatex Info: Redefining '\cites'.
Package biblatex Info: Redefining '\parencites'.
Package biblatex Info: Redefining '\smartcites'.
)
Package biblatex Info: Trying to load configuration file...
Package biblatex Info: ... file 'biblatex.cfg' found.
(/usr/local/texlive/2021/texmf-dist/tex/latex/biblatex/biblatex.cfg
File: biblatex.cfg 
)) (/usr/local/texlive/2021/texmf-dist/tex/latex/graphics/graphicx.sty
Package: graphicx 2020/09/09 v1.2b Enhanced LaTeX Graphics (DPC,SPQR)
(/usr/local/texlive/2021/texmf-dist/tex/generic/tex4ht/graphics-hooks.4ht
version 2020-10-17-13:53
) (/usr/local/texlive/2021/texmf-dist/tex/latex/graphics/graphics.sty
Package: graphics 2020/08/30 v1.4c Standard LaTeX Graphics (DPC,SPQR)
(/usr/local/texlive/2021/texmf-dist/tex/latex/graphics/trig.sty
Package: trig 2016/01/03 v1.10 sin cos tan (DPC)
) (/usr/local/texlive/2021/texmf-dist/tex/latex/graphics-cfg/graphics.cfg
File: graphics.cfg 2016/06/04 v1.11 sample graphics configuration
)
Package graphics Info: Driver file: dvips.def on input line 105.
(/usr/local/texlive/2021/texmf-dist/tex/latex/graphics-def/dvips.def
File: dvips.def 2017/06/20 v3.1d Graphics/color driver for dvips
))
\Gin@req@height=\dimen183
\Gin@req@width=\dimen184
) (/usr/local/texlive/2021/texmf-dist/tex/latex/amsmath/amsmath.sty
Package: amsmath 2020/09/23 v2.17i AMS math features
\@mathmargin=\skip268
For additional information on amsmath, use the `?' option.
(/usr/local/texlive/2021/texmf-dist/tex/latex/amsmath/amstext.sty
Package: amstext 2000/06/29 v2.01 AMS text
(/usr/local/texlive/2021/texmf-dist/tex/latex/amsmath/amsgen.sty
File: amsgen.sty 1999/11/30 v2.0 generic functions
\@emptytoks=\toks25
\ex@=\dimen185
)) (/usr/local/texlive/2021/texmf-dist/tex/latex/amsmath/amsbsy.sty
Package: amsbsy 1999/11/29 v1.2d Bold Symbols
\pmbraise@=\dimen186
) (/usr/local/texlive/2021/texmf-dist/tex/latex/amsmath/amsopn.sty
Package: amsopn 2016/03/08 v2.02 operator names
)
\inf@bad=\count429
LaTeX Info: Redefining \frac on input line 234.
\uproot@=\count430
\leftroot@=\count431
LaTeX Info: Redefining \overline on input line 399.
\classnum@=\count432
\DOTSCASE@=\count433
LaTeX Info: Redefining \ldots on input line 496.
LaTeX Info: Redefining \dots on input line 499.
LaTeX Info: Redefining \cdots on input line 620.
\Mathstrutbox@=\box52
\strutbox@=\box53
\big@size=\dimen187
LaTeX Font Info:    Redeclaring font encoding OML on input line 743.
LaTeX Font Info:    Redeclaring font encoding OMS on input line 744.
\macc@depth=\count434
\c@MaxMatrixCols=\count435
\dotsspace@=\muskip21
\c@parentequation=\count436
\dspbrk@lvl=\count437
\tag@help=\toks26
\row@=\count438
\column@=\count439
\maxfields@=\count440
\andhelp@=\toks27
\eqnshift@=\dimen188
\alignsep@=\dimen189
\tagshift@=\dimen190
\tagwidth@=\dimen191
\totwidth@=\dimen192
\lineht@=\dimen193
\@envbody=\toks28
\multlinegap=\skip269
\multlinetaggap=\skip270
\mathdisplay@stack=\toks29
LaTeX Info: Redefining \[ on input line 2923.
LaTeX Info: Redefining \] on input line 2924.
) (/usr/local/texlive/2021/texmf-dist/tex/latex/graphics/rotating.sty
Package: rotating 2016/08/11 v2.16d rotated objects in LaTeX
\c@r@tfl@t=\count441
\rotFPtop=\skip271
\rotFPbot=\skip272
\rot@float@box=\box54
\rot@mess@toks=\toks30
) (/usr/local/texlive/2021/texmf-dist/tex/latex/tools/indentfirst.sty
Package: indentfirst 1995/11/23 v1.03 Indent first paragraph (DPC)
)
\c@theorem=\count442
(/usr/local/texlive/2021/texmf-dist/tex/generic/tex4ht/tex4ht.4ht
version 2020-03-12-14:03
--------------------------------------
--- Note --- for additional information, use the command line option `info'
--------------------------------------
::::::::::::::::::::::::::::::::::::::::::
 TeX4ht info is available in the log file 
::::::::::::::::::::::::::::::::::::::::::
) (/usr/local/texlive/2021/texmf-dist/tex/generic/tex4ht/tex4ht.sty
version 2021-03-06-13:30
--- needs --- tex4ht thesis ---
\tmp:cnt=\count443
\openout15 = `thesis.tmp'.

(./thesis.tmp)
\tmp:dim=\skip273
(./thesis.xref)
\:refout=\write5
\openout5 = `thesis.xref'.

(/usr/local/texlive/2021/texmf-dist/tex/generic/tex4ht/html4.4ht
version 2021-03-06-13:31
--------------------------------------
--- Note --- to remove the <?xml version=...?> processing instruction use the c
ommand line option `no-VERSION'
--------------------------------------
--------------------------------------
--- Note --- to remove the DOCTYPE declaration use the command line option `no-
DOCTYPE'
--------------------------------------
) (/usr/local/texlive/2021/texmf-dist/tex/generic/tex4ht/unicode.4ht
version 2021-02-06-14:21
) (/usr/local/texlive/2021/texmf-dist/tex/generic/tex4ht/html4-math.4ht
version 2021-01-30-14:17
) (/usr/local/texlive/2021/texmf-dist/tex/generic/tex4ht/html5.4ht
version 2021-02-14-13:56
)
--------------------------------------
--- Note --- for marking of the base font, use the command line option `fonts+'

--------------------------------------
--------------------------------------
--- Note --- for non active _, use the command line option `no_'
--------------------------------------
--------------------------------------
--- Note --- for _ of catcode 13, use the command line option `_13'
--------------------------------------
--------------------------------------
--- Note --- for non active ^, use the command line option `no^'
--------------------------------------
--------------------------------------
--- Note --- for ^ of catcode 13, use the command line option `^13'
--------------------------------------
(/usr/local/texlive/2021/texmf-dist/tex/generic/tex4ht/html4.4ht
version 2021-03-06-13:31
--------------------------------------
--- Note --- to ignore CSS font decoration, use the `NoFonts' command line opti
on
--------------------------------------
--------------------------------------
--- Note --- for jpg bitmaps of pictures, use the `jpg' command line option. (C
haracter bitmaps are controled only by `g' records of tex4ht.env and `-g' switc
hes of tex4ht.c) 
--------------------------------------
--------------------------------------
--- Note --- for gif bitmaps of pictures, use the `gif' command line option. (C
haracter bitmaps are controled only by `g' records of tex4ht.env and `-g' switc
hes of tex4ht.c) 
--------------------------------------
--------------------------------------
--- Note --- for content and toc in 2 frames, use the command line option `fram
es'
--------------------------------------
--------------------------------------
--- Note --- for content, toc, and footnotes in 3 frames, use the command line 
option `frames-fn'
--------------------------------------
--------------------------------------
--- Note --- for file extension name xht, use the command line option `xht'
--------------------------------------
TeX4ht package options: xhtml,mathjax,charset=utf-8,html5,html
--------------------------------------
--- Note --- To print a timestamp, use the command line option timestamp
--------------------------------------
--------------------------------------
--- Note --- to ignore CSS code, use the command line option `-css
--------------------------------------
--------------------------------------
--- Note --- for inline CSS code, use the command line option `css-in'
--------------------------------------
--------------------------------------
--- Note --- for pop ups on mouse over, use the command line option `mouseover'

--------------------------------------
--------------------------------------
--- Note --- for addressing images in a subdirectory, use the command line opti
on `imgdir:.../'
--------------------------------------
) (/usr/local/texlive/2021/texmf-dist/tex/generic/tex4ht/unicode.4ht
version 2021-02-06-14:21
) (/usr/local/texlive/2021/texmf-dist/tex/generic/tex4ht/html4-math.4ht
version 2021-01-30-14:17
) (/usr/local/texlive/2021/texmf-dist/tex/generic/tex4ht/html5.4ht
version 2021-02-14-13:56
--------------------------------------
--- Note --- To print a timestamp, use the command line option timestamp
--------------------------------------
)
\:tokwrite=\toks31
\:tokpage=\toks32
--------------------------------------
--- Note --- for back links to toc, use the command line option `sections+'
--------------------------------------
--------------------------------------
--- Note --- for linear crosslinks of pages, use the command line option `next'

--------------------------------------
\openout15 = `thesis.4ct'.

\:tocout=\write6
\openout6 = `thesis.4tc'.

(/usr/local/texlive/2021/texmf-dist/tex/generic/tex4ht/html4.4ht
version 2021-03-06-13:31
) (/usr/local/texlive/2021/texmf-dist/tex/generic/tex4ht/unicode.4ht
version 2021-02-06-14:21
) (/usr/local/texlive/2021/texmf-dist/tex/generic/tex4ht/html4-math.4ht
version 2021-01-30-14:17
) (/usr/local/texlive/2021/texmf-dist/tex/generic/tex4ht/html5.4ht
version 2021-02-14-13:56
) (/usr/local/texlive/2021/texmf-dist/tex/generic/tex4ht/latex.4ht
version 2021-02-06-14:21
LaTeX Info: Redefining \_ on input line 173.
LaTeX Info: Redefining \, on input line 791.
LaTeX Info: Redefining \; on input line 792.
LaTeX Info: Redefining \! on input line 793.
LaTeX Info: Redefining \: on input line 794.
LaTeX Info: Redefining \> on input line 795.
--------------------------------------
--- Note --- for links into captions, instead of float heads, use the command l
ine option `refcaption'
--------------------------------------
(/usr/local/texlive/2021/texmf-dist/tex/generic/tex4ht/html4.4ht
version 2021-03-06-13:31
) (/usr/local/texlive/2021/texmf-dist/tex/generic/tex4ht/unicode.4ht
version 2021-02-06-14:21
) (/usr/local/texlive/2021/texmf-dist/tex/generic/tex4ht/html4-math.4ht
version 2021-01-30-14:17
) (/usr/local/texlive/2021/texmf-dist/tex/generic/tex4ht/html5.4ht
version 2021-02-14-13:56
) (/usr/local/texlive/2021/texmf-dist/tex/generic/tex4ht/html4.4ht
version 2021-03-06-13:31
--------------------------------------
--- Note --- For mini tocs immediately aftter the header use the command line o
ption `minitoc<'
--------------------------------------
--------------------------------------
--- Note --- for enumerated list elements with valued data, use the command lin
e option `enumerate+'
--------------------------------------
--------------------------------------
--- Note --- for enumerated list elements li's with value attributes, use the c
ommand line option `enumerate-'
--------------------------------------
--------------------------------------
--- Note --- for CSS2 code, use the command line option `css2'
--------------------------------------
--------------------------------------
--- Note --- for pictorial tabular, use the command line option `pic-tabular'
--------------------------------------
--------------------------------------
--- Note --- for bitmap fbox'es, use the command line option `pic-fbox'
--------------------------------------
--------------------------------------
--- Note --- for bitmap framebox'es, use the command line option `pic-framebox'

--------------------------------------
--------------------------------------
--- Note --- for inline footnotes use command line option `fn-in'
--------------------------------------
--------------------------------------
--- Note --- for tracing of latex font commands, use the command line option `f
onts'
--------------------------------------
--------------------------------------
--- Note --- for width specifications of tabular p entries, use the `p-width' c
ommand line option or a configuration similar to \Configure{HColWidth}{\HCode{ 
style="width:\HColWidth"}}
--------------------------------------
) (/usr/local/texlive/2021/texmf-dist/tex/generic/tex4ht/unicode.4ht
version 2021-02-06-14:21
) (/usr/local/texlive/2021/texmf-dist/tex/generic/tex4ht/html4-math.4ht
version 2021-01-30-14:17
--------------------------------------
--- Note --- for pictorial eqnarray, use the command line option `pic-eqnarray'

--------------------------------------
--------------------------------------
--- Note --- for pictorial array, use the command line option `pic-array'
--------------------------------------
--------------------------------------
--- Note --- for pictorial $...$ environments, use the command line option `pic
-m' (not recommended!!)
--------------------------------------
--------------------------------------
--- Note --- for pictorial $...$ and $$...$$ environments with latex alt, use t
he command line option `pic-m+' (not safe!!)
--------------------------------------
--------------------------------------
--- Note --- for pictorial array, use the command line option `pic-array'
--------------------------------------
(/usr/local/texlive/2021/texmf-dist/tex/generic/tex4ht/mathjax-latex-4ht.4ht
version 2021-02-18-14:03
(/usr/local/texlive/2021/texmf-dist/tex/generic/tex4ht/expl3-hooks.4ht
version 2020-10-17-13:53
) (/usr/local/texlive/2021/texmf-dist/tex/latex/l3kernel/expl3.sty
Package: expl3 2021-02-18 L3 programming layer (loader) 
(/usr/local/texlive/2021/texmf-dist/tex/latex/l3backend/l3backend-dvips.def
File: l3backend-dvips.def 2021-03-18 L3 backend support: dvips
\l__pdf_internal_box=\box55
\g__pdf_backend_object_int=\count444
\l__pdf_backend_content_box=\box56
\l__pdf_backend_model_box=\box57
\g__pdf_backend_annotation_int=\count445
\g__pdf_backend_link_int=\count446
\g__pdf_backend_link_sf_int=\count447
)) (/usr/local/texlive/2021/texmf-dist/tex/latex/environ/environ.sty
Package: environ 2014/05/04 v0.3 A new way to define environments
(/usr/local/texlive/2021/texmf-dist/tex/latex/trimspaces/trimspaces.sty
Package: trimspaces 2009/09/17 v1.1 Trim spaces around a token list
)))) (/usr/local/texlive/2021/texmf-dist/tex/generic/tex4ht/html5.4ht
version 2021-02-14-13:56
)) (/usr/local/texlive/2021/texmf-dist/tex/generic/tex4ht/fontmath.4ht
version 2018-11-06-15:55
(/usr/local/texlive/2021/texmf-dist/tex/generic/tex4ht/html4.4ht
version 2021-03-06-13:31
) (/usr/local/texlive/2021/texmf-dist/tex/generic/tex4ht/unicode.4ht
version 2021-02-06-14:21
) (/usr/local/texlive/2021/texmf-dist/tex/generic/tex4ht/html4-math.4ht
version 2021-01-30-14:17
) (/usr/local/texlive/2021/texmf-dist/tex/generic/tex4ht/html5.4ht
version 2021-02-14-13:56
)) (/usr/local/texlive/2021/texmf-dist/tex/generic/tex4ht/memoir.4ht
version 2021-01-29-14:14
(/usr/local/texlive/2021/texmf-dist/tex/generic/tex4ht/book.4ht (/usr/local/tex
live/2021/texmf-dist/tex/generic/tex4ht/html4.4ht
version 2021-03-06-13:31
--------------------------------------
--- Note --- for automatic sectioning pagination, use the command line option `
1', `2', `3', '4', '5', '6', or '7'
--------------------------------------
--------------------------------------
--- Note --- for files named derived from section titles, use the command line 
option `sec-filename'
--------------------------------------
--------------------------------------
--- Note --- for i-columns index, use the command line option `index=i' (e.g., 
index=2)
--------------------------------------
) (/usr/local/texlive/2021/texmf-dist/tex/generic/tex4ht/unicode.4ht
version 2021-02-06-14:21
) (/usr/local/texlive/2021/texmf-dist/tex/generic/tex4ht/html4-math.4ht
version 2021-01-30-14:17
) (/usr/local/texlive/2021/texmf-dist/tex/generic/tex4ht/html5.4ht
version 2021-02-14-13:56
)) (/usr/local/texlive/2021/texmf-dist/tex/generic/tex4ht/verse.4ht
version 2009-05-21-09:32
(/usr/local/texlive/2021/texmf-dist/tex/generic/tex4ht/html4.4ht
version 2021-03-06-13:31
) (/usr/local/texlive/2021/texmf-dist/tex/generic/tex4ht/unicode.4ht
version 2021-02-06-14:21
) (/usr/local/texlive/2021/texmf-dist/tex/generic/tex4ht/html4-math.4ht
version 2021-01-30-14:17
) (/usr/local/texlive/2021/texmf-dist/tex/generic/tex4ht/html5.4ht
version 2021-02-14-13:56
)) (/usr/local/texlive/2021/texmf-dist/tex/generic/tex4ht/booktabs.4ht
version 2009-05-21-09:32
(/usr/local/texlive/2021/texmf-dist/tex/generic/tex4ht/html4.4ht
version 2021-03-06-13:31
) (/usr/local/texlive/2021/texmf-dist/tex/generic/tex4ht/unicode.4ht
version 2021-02-06-14:21
) (/usr/local/texlive/2021/texmf-dist/tex/generic/tex4ht/html4-math.4ht
version 2021-01-30-14:17
) (/usr/local/texlive/2021/texmf-dist/tex/generic/tex4ht/html5.4ht
version 2021-02-14-13:56
)) (/usr/local/texlive/2021/texmf-dist/tex/generic/tex4ht/html4.4ht
version 2021-03-06-13:31
) (/usr/local/texlive/2021/texmf-dist/tex/generic/tex4ht/unicode.4ht
version 2021-02-06-14:21
) (/usr/local/texlive/2021/texmf-dist/tex/generic/tex4ht/html4-math.4ht
version 2021-01-30-14:17
) (/usr/local/texlive/2021/texmf-dist/tex/generic/tex4ht/html5.4ht
version 2021-02-14-13:56
)) (/usr/local/texlive/2021/texmf-dist/tex/generic/tex4ht/array.4ht
version 2009-05-21-09:32
(/usr/local/texlive/2021/texmf-dist/tex/generic/tex4ht/html4.4ht
version 2021-03-06-13:31
) (/usr/local/texlive/2021/texmf-dist/tex/generic/tex4ht/unicode.4ht
version 2021-02-06-14:21
) (/usr/local/texlive/2021/texmf-dist/tex/generic/tex4ht/html4-math.4ht
version 2021-01-30-14:17
--------------------------------------
--- Note --- for pictorial array, use the command line option `pic-array'
--------------------------------------
) (/usr/local/texlive/2021/texmf-dist/tex/generic/tex4ht/html5.4ht
version 2021-02-14-13:56
)) (/usr/local/texlive/2021/texmf-dist/tex/generic/tex4ht/dcolumn.4ht
version 2009-05-21-09:32
(/usr/local/texlive/2021/texmf-dist/tex/generic/tex4ht/html4.4ht
version 2021-03-06-13:31
) (/usr/local/texlive/2021/texmf-dist/tex/generic/tex4ht/unicode.4ht
version 2021-02-06-14:21
) (/usr/local/texlive/2021/texmf-dist/tex/generic/tex4ht/html4-math.4ht
version 2021-01-30-14:17
) (/usr/local/texlive/2021/texmf-dist/tex/generic/tex4ht/html5.4ht
version 2021-02-14-13:56
)) (/usr/local/texlive/2021/texmf-dist/tex/generic/tex4ht/tabularx.4ht
version 2009-05-21-09:32
(/usr/local/texlive/2021/texmf-dist/tex/generic/tex4ht/html4.4ht
version 2021-03-06-13:31
) (/usr/local/texlive/2021/texmf-dist/tex/generic/tex4ht/unicode.4ht
version 2021-02-06-14:21
) (/usr/local/texlive/2021/texmf-dist/tex/generic/tex4ht/html4-math.4ht
version 2021-01-30-14:17
) (/usr/local/texlive/2021/texmf-dist/tex/generic/tex4ht/html5.4ht
version 2021-02-14-13:56
)) (/usr/local/texlive/2021/texmf-dist/tex/generic/tex4ht/biblatex.4ht
version 2021-03-02-13:43
\sv:sec:cnt=\count448
\c@bib=\count449
LaTeX Info: Redefining \MakeUppercase on input line 211.
LaTeX Info: Redefining \MakeLowercase on input line 219.
\blx@unitmark=\skip274
(/usr/local/texlive/2021/texmf-dist/tex/generic/tex4ht/html4.4ht
version 2021-03-06-13:31
) (/usr/local/texlive/2021/texmf-dist/tex/generic/tex4ht/unicode.4ht
version 2021-02-06-14:21
) (/usr/local/texlive/2021/texmf-dist/tex/generic/tex4ht/html4-math.4ht
version 2021-01-30-14:17
) (/usr/local/texlive/2021/texmf-dist/tex/generic/tex4ht/html5.4ht
version 2021-02-14-13:56
)) (/usr/local/texlive/2021/texmf-dist/tex/generic/tex4ht/ifthen.4ht
version 2009-05-21-09:32
(/usr/local/texlive/2021/texmf-dist/tex/generic/tex4ht/html4.4ht
version 2021-03-06-13:31
) (/usr/local/texlive/2021/texmf-dist/tex/generic/tex4ht/unicode.4ht
version 2021-02-06-14:21
) (/usr/local/texlive/2021/texmf-dist/tex/generic/tex4ht/html4-math.4ht
version 2021-01-30-14:17
) (/usr/local/texlive/2021/texmf-dist/tex/generic/tex4ht/html5.4ht
version 2021-02-14-13:56
)) (/usr/local/texlive/2021/texmf-dist/tex/generic/tex4ht/url.4ht
version 2009-05-21-09:32
(/usr/local/texlive/2021/texmf-dist/tex/generic/tex4ht/html4.4ht
version 2021-03-06-13:31
--------------------------------------
--- Note --- for URL encoding within href use the command line option `url-enc'

--------------------------------------
) (/usr/local/texlive/2021/texmf-dist/tex/generic/tex4ht/unicode.4ht
version 2021-02-06-14:21
) (/usr/local/texlive/2021/texmf-dist/tex/generic/tex4ht/html4-math.4ht
version 2021-01-30-14:17
) (/usr/local/texlive/2021/texmf-dist/tex/generic/tex4ht/html5.4ht
version 2021-02-14-13:56
)) (/usr/local/texlive/2021/texmf-dist/tex/generic/tex4ht/graphicx.4ht
version 2018-10-01-14:24
(/usr/local/texlive/2021/texmf-dist/tex/generic/tex4ht/html4.4ht
version 2021-03-06-13:31
) (/usr/local/texlive/2021/texmf-dist/tex/generic/tex4ht/unicode.4ht
version 2021-02-06-14:21
) (/usr/local/texlive/2021/texmf-dist/tex/generic/tex4ht/html4-math.4ht
version 2021-01-30-14:17
) (/usr/local/texlive/2021/texmf-dist/tex/generic/tex4ht/html5.4ht
version 2021-02-14-13:56
)) (/usr/local/texlive/2021/texmf-dist/tex/generic/tex4ht/graphics.4ht (/usr/lo
cal/texlive/2021/texmf-dist/tex/generic/tex4ht/html4.4ht
version 2021-03-06-13:31
--------------------------------------
--- Note --- if included graphics are of degraded quality, try the command line
 options `graphics-num' or `graphics-'. The `num' should provide the density of
 pixels in the bitmaps (e.g., 110). 
--------------------------------------
--------------------------------------
--- Note --- for key dimensions try the option `Gin-dim'; for key dimensions wh
en bounding box is unavailable try `Gin-dim+'; neither is recommended
--------------------------------------
) (/usr/local/texlive/2021/texmf-dist/tex/generic/tex4ht/unicode.4ht
version 2021-02-06-14:21
) (/usr/local/texlive/2021/texmf-dist/tex/generic/tex4ht/html4-math.4ht
version 2021-01-30-14:17
) (/usr/local/texlive/2021/texmf-dist/tex/generic/tex4ht/html5.4ht
version 2021-02-14-13:56
)) (/usr/local/texlive/2021/texmf-dist/tex/generic/tex4ht/dvips.4ht
version 2009-05-21-09:32
(/usr/local/texlive/2021/texmf-dist/tex/generic/tex4ht/html4.4ht
version 2021-03-06-13:31
) (/usr/local/texlive/2021/texmf-dist/tex/generic/tex4ht/unicode.4ht
version 2021-02-06-14:21
) (/usr/local/texlive/2021/texmf-dist/tex/generic/tex4ht/html4-math.4ht
version 2021-01-30-14:17
) (/usr/local/texlive/2021/texmf-dist/tex/generic/tex4ht/html5.4ht
version 2021-02-14-13:56
)) (/usr/local/texlive/2021/texmf-dist/tex/generic/tex4ht/amsmath.4ht
version 2019-12-29-14:17
\tmp:muskip=\muskip22
(/usr/local/texlive/2021/texmf-dist/tex/generic/tex4ht/html4.4ht
version 2021-03-06-13:31
) (/usr/local/texlive/2021/texmf-dist/tex/generic/tex4ht/unicode.4ht
version 2021-02-06-14:21
) (/usr/local/texlive/2021/texmf-dist/tex/generic/tex4ht/html4-math.4ht
version 2021-01-30-14:17
) (/usr/local/texlive/2021/texmf-dist/tex/generic/tex4ht/html5.4ht
version 2021-02-14-13:56
)) (/usr/local/texlive/2021/texmf-dist/tex/generic/tex4ht/amstext.4ht
version 2009-05-21-09:32
(/usr/local/texlive/2021/texmf-dist/tex/generic/tex4ht/html4.4ht
version 2021-03-06-13:31
) (/usr/local/texlive/2021/texmf-dist/tex/generic/tex4ht/unicode.4ht
version 2021-02-06-14:21
) (/usr/local/texlive/2021/texmf-dist/tex/generic/tex4ht/html4-math.4ht
version 2021-01-30-14:17
) (/usr/local/texlive/2021/texmf-dist/tex/generic/tex4ht/html5.4ht
version 2021-02-14-13:56
)) (/usr/local/texlive/2021/texmf-dist/tex/generic/tex4ht/amsbsy.4ht
version 2009-05-21-09:32
(/usr/local/texlive/2021/texmf-dist/tex/generic/tex4ht/html4.4ht
version 2021-03-06-13:31
) (/usr/local/texlive/2021/texmf-dist/tex/generic/tex4ht/unicode.4ht
version 2021-02-06-14:21
) (/usr/local/texlive/2021/texmf-dist/tex/generic/tex4ht/html4-math.4ht
version 2021-01-30-14:17
) (/usr/local/texlive/2021/texmf-dist/tex/generic/tex4ht/html5.4ht
version 2021-02-14-13:56
)) (/usr/local/texlive/2021/texmf-dist/tex/generic/tex4ht/amsopn.4ht
version 2009-05-21-09:32
(/usr/local/texlive/2021/texmf-dist/tex/generic/tex4ht/html4.4ht
version 2021-03-06-13:31
) (/usr/local/texlive/2021/texmf-dist/tex/generic/tex4ht/unicode.4ht
version 2021-02-06-14:21
) (/usr/local/texlive/2021/texmf-dist/tex/generic/tex4ht/html4-math.4ht
version 2021-01-30-14:17
) (/usr/local/texlive/2021/texmf-dist/tex/generic/tex4ht/html5.4ht
version 2021-02-14-13:56
)) (/usr/local/texlive/2021/texmf-dist/tex/generic/tex4ht/rotating.4ht
version 2009-05-21-09:32
(/usr/local/texlive/2021/texmf-dist/tex/generic/tex4ht/html4.4ht
version 2021-03-06-13:31
) (/usr/local/texlive/2021/texmf-dist/tex/generic/tex4ht/unicode.4ht
version 2021-02-06-14:21
) (/usr/local/texlive/2021/texmf-dist/tex/generic/tex4ht/html4-math.4ht
version 2021-01-30-14:17
) (/usr/local/texlive/2021/texmf-dist/tex/generic/tex4ht/html5.4ht
version 2021-02-14-13:56
)) (/usr/local/texlive/2021/texmf-dist/tex/generic/tex4ht/html4.4ht
version 2021-03-06-13:31
) (/usr/local/texlive/2021/texmf-dist/tex/generic/tex4ht/unicode.4ht
version 2021-02-06-14:21
) (/usr/local/texlive/2021/texmf-dist/tex/generic/tex4ht/html4-math.4ht
version 2021-01-30-14:17
) (/usr/local/texlive/2021/texmf-dist/tex/generic/tex4ht/html5.4ht
version 2021-02-14-13:56
))

Package biblatex Warning: Patching footnotes failed.
(biblatex)                Footnote detection will not work.

\@quotelevel=\count450
\@quotereset=\count451
(./thesis.aux (./abstract.aux) (./preface.aux) (./acknowledgments.aux) (./intro
duction.aux) (./chap1.aux) (./chap2.aux) (./appendix.aux))
\openout1 = `thesis.aux'.

LaTeX Font Info:    Checking defaults for OML/cmm/m/it on input line 70.
LaTeX Font Info:    ... okay on input line 70.
LaTeX Font Info:    Checking defaults for OMS/cmsy/m/n on input line 70.
LaTeX Font Info:    ... okay on input line 70.
LaTeX Font Info:    Checking defaults for OT1/cmr/m/n on input line 70.
LaTeX Font Info:    ... okay on input line 70.
LaTeX Font Info:    Checking defaults for T1/cmr/m/n on input line 70.
LaTeX Font Info:    ... okay on input line 70.
LaTeX Font Info:    Checking defaults for TS1/cmr/m/n on input line 70.
LaTeX Font Info:    ... okay on input line 70.
LaTeX Font Info:    Checking defaults for OMX/cmex/m/n on input line 70.
LaTeX Font Info:    ... okay on input line 70.
LaTeX Font Info:    Checking defaults for U/cmr/m/n on input line 70.
LaTeX Font Info:    ... okay on input line 70.

******************************************************
Stock height and width: 794.96999pt by 614.295pt
Top and edge trims: 0pt and 0pt
Page height and width: 794.96999pt by 614.295pt
Text height and width: 592pt by 469pt
Spine and edge margins: 72.26999pt and 72.26999pt
Upper and lower margins: 111.76999pt and 91.2pt
Headheight and headsep: 14.5pt and 19.8738pt
Footskip: 30pt
Columnsep and columnseprule: 10pt and 0pt
Marginparsep and marginparwidth: 7pt and 58.26999pt
Sidecapsep and sidecapwidth: 7pt and 50pt
Sidebarhsep and sidebarwidth: 7pt and 50pt
Sidebarvsep and sidebartopsep: 14.5pt and 0pt
Sidebarheight: 546.64995pt
Sidefoothsep and sidefootwidth: 7pt and 50pt
Sidefootvsep and sidefootheight: 14.5pt and 546.64995pt
******************************************************

Package biblatex Info: Trying to load language 'english'...
Package biblatex Info: ... file 'english.lbx' found.
(/usr/local/texlive/2021/texmf-dist/tex/latex/biblatex/lbx/english.lbx
File: english.lbx 2020/12/31 v3.16 biblatex localization (PK/MW)
)
Package biblatex Info: Input encoding 'utf8' detected.
Package biblatex Info: Automatic encoding selection.
(biblatex)             Assuming data encoding 'utf8'.
Package biblatex Info: Document encoding is UTF8 ....
(/usr/local/texlive/2021/texmf-dist/tex/generic/tex4ht/expl3-hooks.4ht
version 2020-10-17-13:53
)
Package biblatex Info: ... and expl3
(biblatex)             2021-02-18 L3 programming layer (loader) 
(biblatex)             is new enough (at least 2020/04/06),
(biblatex)             setting 'casechanger=expl3'.
(/usr/local/texlive/2021/texmf-dist/tex/latex/biblatex/blx-case-expl3.sty (/usr
/local/texlive/2021/texmf-dist/tex/generic/tex4ht/expl3-hooks.4ht
version 2020-10-17-13:53
) (/usr/local/texlive/2021/texmf-dist/tex/latex/l3packages/xparse/xparse.sty (/
usr/local/texlive/2021/texmf-dist/tex/generic/tex4ht/expl3-hooks.4ht
version 2020-10-17-13:53
)
(/usr/local/texlive/2021/texmf-dist/tex/latex/l3packages/xparse/xparse-2020-10-
01.sty (/usr/local/texlive/2021/texmf-dist/tex/generic/tex4ht/expl3-hooks.4ht
version 2020-10-17-13:53
)
(/usr/local/texlive/2021/texmf-dist/tex/latex/l3packages/xparse/xparse-generic.
tex)))
Package: blx-case-expl3 2020/12/31 v3.16 expl3 case changing code for biblatex
)
\openout4 = `thesis.bcf'.

Package biblatex Info: Trying to load bibliographic data...
Package biblatex Info: ... file 'thesis.bbl' found.
(./thesis.bbl)
Package biblatex Info: Reference section=0 on input line 70.
Package biblatex Info: Reference segment=0 on input line 70.
--- file thesis.css ---
[1

] [1] [2] [3]

Class sfsuthesis Warning: The final submitted version should not have an approv
al page on input line 115.

[4] [5] [6] [7]
\openout2 = `abstract.aux'.

(./abstract.tex [8

] [1]) [2] [3

] [5

]
\openout2 = `preface.aux'.

(./preface.tex [6

] [7]) [8] [9

] [10

]
\openout2 = `acknowledgments.aux'.

(./acknowledgments.tex [11

] [12]) [13] [14

] [15

] (./thesis.4ct) [16

] [17] (./thesis.4ct) [18

] (./thesis.4ct) [19

] [20

] [1]
\openout2 = `introduction.aux'.

(./introduction.tex [2

] [3] [4]) [5] [6

] [7

]
\openout2 = `chap1.aux'.

(./chap1.tex [8

] [9

] [10

]
l. 12 --- needs --- ./figures//Picture1.jpg ---
[11

] [12

]) [13] [14

] [15

]
\openout2 = `chap2.aux'.

(./chap2.tex [16

] [17

] [18

] [19

] [20

] [21

] [22

] [23

] [24

]
l. 51 --- needs --- ./figures//Picture2.jpg ---
[25

] [26

] [27

]
l. 75 Writing thesis.idv[1] (thesis0x.png)
l. 87 Writing thesis.idv[2] (thesis1x.png)
[28

]
--- file thesis2.html ---
[29


] [30] [31

]
l. 121 Writing thesis.idv[3] (thesis2x.png)
[32

] [33

] [34

] [35

] [36

] [37]) [38] [39] [40

] [41

] [42

]
\openout2 = `appendix.aux'.

(./appendix.tex [43

] [44] [45] [46] [47]) [48] [49] [50

] [51

] [52

] (./thesis.aux (./abstract.aux) (./preface.aux) (./acknowledgments.aux) (./int
roduction.aux) (./chap1.aux) (./chap2.aux) (./appendix.aux))
Package logreq Info: Writing requests to 'thesis.run.xml'.
\openout1 = `thesis.run.xml'.

 ) 
Here is how much of TeX's memory you used:
 17953 strings out of 478995
 291296 string characters out of 5858209
 1096333 words of memory out of 5000000
 35001 multiletter control sequences out of 15000+600000
 410117 words of font info for 50 fonts, out of 8000000 for 9000
 1143 hyphenation exceptions out of 8191
 83i,10n,99p,1638b,1315s stack positions out of 5000i,500n,10000p,200000b,80000s

Output written on thesis.dvi (80 pages, 79948 bytes).
